s1: shesellsseashellsoffseashore
s2: surelysylviaswins
initialize
000000000000000000
000000000000000000
000000000000000000
000000000000000000
000000000000000000
000000000000000000
000000000000000000
000000000000000000
000000000000000000
000000000000000000
000000000000000000
000000000000000000
000000000000000000
000000000000000000
000000000000000000
000000000000000000
000000000000000000
000000000000000000
000000000000000000
000000000000000000
000000000000000000
000000000000000000
000000000000000000
000000000000000000
000000000000000000
000000000000000000
000000000000000000
000000000000000000
000000000000000000
output
000000000000000000
011111111111111111
011111111111111111
011122222222222222
011122233333333333
011122233333333333
011123333444444444
011123333444444444
011123344444455555
011123344444455556
011123344444455556
011123344444555556
011123344444566666
011123344444566666
011123344444566666
011123344555566666
011123344555566666
011123344555566667
011123344555566667
011123344555566667
011123344555566667
011123344555566667
011123344555566667
011123344555666667
011123344555677777
011123344555677777
011123344555677777
011223344555677777
011233344555677777
