START 0
ROW 0
check 0, 0
START 1
ROW 0
check 0, 1
ROW 1
check 1, 1
ROW 2
check 2, 1
START 2
ROW 0
check 0, 2
ROW 1
check 1, 2
ROW 2
check 2, 2
ROW 3
check 3, 2
ROW 3
check 3, 1
START 2
ROW 0
check 0, 2
ROW 1
check 1, 2
START 3
ROW 0
check 0, 3
ROW 1
check 1, 3
ROW 2
check 2, 3
ROW 3
check 3, 3
ROW 2
check 2, 2
ROW 3
check 3, 2
ROW 1
check 1, 0
START 1
ROW 0
check 0, 1
ROW 1
check 1, 1
ROW 2
check 2, 1
ROW 3
check 3, 1
START 2
ROW 0
check 0, 2
START 3
ROW 0
check 0, 3
ROW 1
check 1, 3
ROW 2
check 2, 3
START 4
ROW 3
check 3, 3
ROW 1
check 1, 2
ROW 2
check 2, 2
ROW 3
check 3, 2
ROW 2
check 2, 0
START 1
ROW 0
check 0, 1
START 2
ROW 0
check 0, 2
ROW 1
check 1, 2
ROW 2
check 2, 2
ROW 3
check 3, 2
START 3
ROW 0
check 0, 3
ROW 1
check 1, 3
START 4
ROW 2
check 2, 3
ROW 3
check 3, 3
ROW 1
check 1, 1
ROW 2
check 2, 1
ROW 3
check 3, 1
ROW 3
check 3, 0
START 1
ROW 0
check 0, 1
START 2
ROW 0
check 0, 2
ROW 1
check 1, 2
ROW 2
check 2, 2
START 3
ROW 0
check 0, 3
ROW 1
check 1, 3
ROW 2
check 2, 3
ROW 3
check 3, 3
ROW 3
check 3, 2
ROW 1
check 1, 1
START 2
ROW 0
check 0, 2
ROW 1
check 1, 2
ROW 2
check 2, 2
ROW 3
check 3, 2
ROW 2
check 2, 1
ROW 3
check 3, 1
